<?xml version="1.0" encoding="UTF-8"?>
<!-- Generated by org.testng.reporters.JUnitReportReporter -->
<testsuite hostname="LAPTOP-D4AIAL71" failures="0" tests="1" name="HealeniumTest" time="23.610" errors="0" timestamp="2023-10-22T11:33:30 IST" skipped="0">
  <testcase classname="HealeniumTest" name="firstTest" time="23.610"/>
  <system-out/>
</testsuite> <!-- HealeniumTest -->
